<?xml version='1.0' encoding='UTF-8'?>
<testsuite hostname="amirhossein" name="huffman.HuffmanSuite" tests="3" errors="0" failures="0" skipped="0" time="0.016" timestamp="2021-07-18T11:09:02">
          <properties>
[...]
</properties>
          <testcase classname="huffman.HuffmanSuite" name="First Test" time="0.013">
                      
                    </testcase><testcase classname="huffman.HuffmanSuite" name="Second Test" time="0.002">
                      
                    </testcase><testcase classname="huffman.HuffmanSuite" name="Third Test" time="0.001">
                      
                    </testcase>
          <system-out><![CDATA[]]></system-out>
          <system-err><![CDATA[]]></system-err>
        </testsuite>